<?xml version="1.0" encoding="UTF-8"?>
<!-- Generated by org.testng.reporters.JUnitReportReporter -->
<testsuite hostname="NODE1926" failures="0" tests="1" name="com.android.app.AppiumBasics" time="4.796" errors="0" timestamp="2022-09-13T15:56:15 IST" skipped="0">
  <testcase classname="com.android.app.AppiumBasics" name="appiumTest" time="4.796"/>
  <system-out/>
</testsuite> <!-- com.android.app.AppiumBasics -->
