<?xml version="1.0" encoding="UTF-8"?>
<!-- Generated by org.testng.reporters.JUnitReportReporter -->
<testsuite hostname="NODE1926" failures="0" tests="1" name="com.android.app.Ecommerce_TC_2" time="21.786" errors="0" timestamp="2022-09-14T21:17:41 IST" skipped="0">
  <testcase classname="com.android.app.Ecommerce_TC_2" name="fillForm" time="21.786"/>
  <system-out/>
</testsuite> <!-- com.android.app.Ecommerce_TC_2 -->
