<?xml version="1.0" encoding="UTF-8"?>
<!-- Generated by org.testng.reporters.JUnitReportReporter -->
<testsuite hostname="NODE1926" failures="0" tests="1" name="com.android.app.Ecommerce_TC_4" time="34.829" errors="0" timestamp="2022-09-15T00:02:48 IST" skipped="0">
  <testcase classname="com.android.app.Ecommerce_TC_4" name="fillForm" time="34.829"/>
  <system-out/>
</testsuite> <!-- com.android.app.Ecommerce_TC_4 -->
