<?xml version="1.0" encoding="UTF-8"?>
<!-- Generated by org.testng.reporters.JUnitReportReporter -->
<testsuite hostname="NODE1926" failures="0" tests="1" name="com.android.app.DragDropDemo" time="5.932" errors="0" timestamp="2022-09-14T14:35:50 IST" skipped="0">
  <testcase classname="com.android.app.DragDropDemo" name="longPressGesture" time="5.932"/>
  <system-out/>
</testsuite> <!-- com.android.app.DragDropDemo -->
