<?xml version="1.0" encoding="UTF-8"?>
<!-- Generated by org.testng.reporters.JUnitReportReporter -->
<testsuite hostname="NODE1926" failures="0" tests="1" name="com.android.app.LongPressGesture" time="5.937" errors="0" timestamp="2022-09-14T12:27:17 IST" skipped="0">
  <testcase classname="com.android.app.LongPressGesture" name="longPressGesture" time="5.937"/>
  <system-out/>
</testsuite> <!-- com.android.app.LongPressGesture -->
