<?xml version="1.0" encoding="UTF-8"?>
<!-- Generated by org.testng.reporters.JUnitReportReporter -->
<testsuite hostname="NODE1926" failures="0" tests="1" name="com.android.app.Ecommerce_TC_3" time="27.468" errors="0" timestamp="2022-09-14T23:37:31 IST" skipped="0">
  <testcase classname="com.android.app.Ecommerce_TC_3" name="fillForm" time="27.468"/>
  <system-out/>
</testsuite> <!-- com.android.app.Ecommerce_TC_3 -->
