<?xml version="1.0" encoding="UTF-8"?>
<!-- Generated by org.testng.reporters.JUnitReportReporter -->
<testsuite hostname="NODE1926" failures="0" tests="1" name="com.android.app.swipeDemoTest" time="4.621" errors="0" timestamp="2022-09-14T14:04:42 IST" skipped="0">
  <testcase classname="com.android.app.swipeDemoTest" name="longPressGesture" time="4.621"/>
  <system-out/>
</testsuite> <!-- com.android.app.swipeDemoTest -->
