<?xml version="1.0" encoding="UTF-8"?>
<!-- Generated by org.testng.reporters.JUnitReportReporter -->
<testsuite hostname="NODE1926" failures="0" tests="1" name="com.android.app.MobileBrowserTest" time="4.818" errors="0" timestamp="2022-09-15T07:26:07 IST" skipped="0">
  <testcase classname="com.android.app.MobileBrowserTest" name="browserTest" time="4.818"/>
  <system-out/>
</testsuite> <!-- com.android.app.MobileBrowserTest -->
