<?xml version="1.0" encoding="UTF-8"?>
<!-- Generated by org.testng.reporters.JUnitReportReporter -->
<testsuite hostname="NODE1926" failures="0" tests="1" name="com.android.app.ScrollDemoTest" time="26.109" errors="0" timestamp="2022-09-14T13:05:27 IST" skipped="0">
  <testcase classname="com.android.app.ScrollDemoTest" name="longPressGesture" time="26.109"/>
  <system-out/>
</testsuite> <!-- com.android.app.ScrollDemoTest -->
