<?xml version="1.0" encoding="UTF-8"?>
<!-- Generated by org.testng.reporters.JUnitReportReporter -->
<testsuite hostname="NODE1926" failures="0" tests="1" name="com.android.app.Ecommerce_TC_1" time="9.980" errors="0" timestamp="2022-09-14T20:36:15 IST" skipped="0">
  <testcase classname="com.android.app.Ecommerce_TC_1" name="fillForm" time="9.980"/>
  <system-out/>
</testsuite> <!-- com.android.app.Ecommerce_TC_1 -->
