<?xml version="1.0" encoding="UTF-8"?>
<!-- Generated by org.testng.reporters.JUnitReportReporter -->
<testsuite hostname="NODE1926" failures="0" tests="1" name="com.android.app.MiscellaniousAppium" time="9.049" errors="0" timestamp="2022-09-14T15:11:00 IST" skipped="0">
  <testcase classname="com.android.app.MiscellaniousAppium" name="miscellinous" time="9.049"/>
  <system-out/>
</testsuite> <!-- com.android.app.MiscellaniousAppium -->
